D:\BrAutomation45\lab2\Logical\Global.typ
D:\BrAutomation45\lab2\Logical\Global.var
D:\BrAutomation45\lab2\Logical\Libraries\Runtime\runtime.fun
D:\BrAutomation45\lab2\Logical\Libraries\Runtime\runtime.typ
D:\BrAutomation45\lab2\Logical\Libraries\Runtime\runtime.var
D:\BrAutomation45\lab2\Logical\Libraries\Operator\operator.fun
D:\BrAutomation45\lab2\Logical\Libraries\Operator\operator.typ
D:\BrAutomation45\lab2\Logical\Libraries\Operator\operator.var
D:\BrAutomation45\lab2\Logical\Libraries\AsIecCon\AsIecCon.fun
D:\BrAutomation45\lab2\Logical\Libraries\AsIecCon\AsIecCon.typ
D:\BrAutomation45\lab2\Logical\Libraries\AsIecCon\AsIecCon.var
D:\BrAutomation45\lab2\Logical\Libraries\astime\astime.fun
D:\BrAutomation45\lab2\Logical\Libraries\astime\astime.typ
D:\BrAutomation45\lab2\Logical\Libraries\astime\astime.var
D:\BrAutomation45\lab2\Logical\Libraries\sys_lib\sys_lib.fun
D:\BrAutomation45\lab2\Logical\Libraries\sys_lib\sys_lib.typ
D:\BrAutomation45\lab2\Logical\Libraries\sys_lib\sys_lib.var
D:\BrAutomation45\lab2\Logical\Libraries\asstring\asstring.fun
D:\BrAutomation45\lab2\Logical\Libraries\asstring\asstring.typ
D:\BrAutomation45\lab2\Logical\Libraries\asstring\asstring.var
D:\BrAutomation45\lab2\Logical\Libraries\Acp10man\Acp10man.typ
D:\BrAutomation45\lab2\Logical\Libraries\Acp10par\Acp10par.var
D:\BrAutomation45\lab2\Logical\Libraries\NcGlobal\NcGlobal.fun
D:\BrAutomation45\lab2\Logical\Libraries\NcGlobal\NcGlobal.typ
D:\BrAutomation45\lab2\Logical\Libraries\NcGlobal\NcGlobal.var
D:\BrAutomation45\lab2\Logical\Libraries\Acp10sdc\acp10sdc.var
D:\BrAutomation45\lab2\Logical\Libraries\Acp10sdc\acp10sdc.typ
D:\BrAutomation45\lab2\Logical\Libraries\Acp10_MC\acp10_mc.fun
D:\BrAutomation45\lab2\Logical\Libraries\Acp10_MC\acp10_mc.typ
D:\BrAutomation45\lab2\Logical\Libraries\Acp10_MC\acp10_mc.var
D:\BrAutomation45\lab2\Logical\Libraries\brsystem\brsystem.fun
D:\BrAutomation45\lab2\Logical\Libraries\brsystem\brsystem.typ
D:\BrAutomation45\lab2\Logical\Libraries\brsystem\brsystem.var
D:\BrAutomation45\lab2\Logical\Libraries\AsBrStr\AsBrStr.fun
D:\BrAutomation45\lab2\Logical\Libraries\AsBrStr\AsBrStr.typ
D:\BrAutomation45\lab2\Logical\Libraries\AsBrStr\AsBrStr.var
D:\BrAutomation45\lab2\Logical\Libraries\DriveLib\Types.typ
D:\BrAutomation45\lab2\Logical\Libraries\DriveLib\Constants.var
D:\BrAutomation45\lab2\Logical\Libraries\DriveLib\DriveLib.fun
